<?xml version="1.0" encoding="UTF-8"?>
<!-- Generated by org.testng.reporters.JUnitReportReporter -->
<testsuite hostname="LAPTOP-O16FB7C4" failures="0" tests="5" name="testScripts.DependsOnMethodsTest" time="21.088" errors="0" timestamp="2024-04-30T15:07:54 IST" skipped="0">
  <testcase classname="testScripts.DependsOnMethodsTest" name="register" time="4.020"/>
  <testcase classname="testScripts.DependsOnMethodsTest" name="login" time="4.026"/>
  <testcase classname="testScripts.DependsOnMethodsTest" name="confirmPayment" time="4.261"/>
  <testcase classname="testScripts.DependsOnMethodsTest" name="payment" time="4.175"/>
  <testcase classname="testScripts.DependsOnMethodsTest" name="addToCart" time="4.606"/>
</testsuite> <!-- testScripts.DependsOnMethodsTest -->
