<?xml version="1.0" encoding="UTF-8"?>
<!-- Generated by org.testng.reporters.JUnitReportReporter -->
<testsuite hostname="LAPTOP-O16FB7C4" failures="0" tests="1" name="testScripts.jewelryPageTest" time="15.471" errors="0" timestamp="2024-05-04T12:30:27 IST" skipped="0">
  <testcase classname="testScripts.jewelryPageTest" name="jewelry_001" time="15.471"/>
</testsuite> <!-- testScripts.jewelryPageTest -->
