<?xml version="1.0" encoding="UTF-8"?>
<!-- Generated by org.testng.reporters.JUnitReportReporter -->
<testsuite hostname="LAPTOP-O16FB7C4" failures="0" tests="5" name="testScripts.threadPoolSizeTest" time="42.393" errors="0" timestamp="2024-04-30T15:07:55 IST" skipped="0">
  <testcase classname="testScripts.threadPoolSizeTest" name="register" time="10.433"/>
  <testcase classname="testScripts.threadPoolSizeTest" name="register" time="8.309"/>
  <testcase classname="testScripts.threadPoolSizeTest" name="register" time="6.555"/>
  <testcase classname="testScripts.threadPoolSizeTest" name="register" time="10.229"/>
  <testcase classname="testScripts.threadPoolSizeTest" name="register" time="6.867"/>
</testsuite> <!-- testScripts.threadPoolSizeTest -->
