<?xml version="1.0" encoding="UTF-8"?>
<!-- Generated by org.testng.reporters.JUnitReportReporter -->
<testsuite hostname="LAPTOP-O16FB7C4" failures="0" tests="1" name="testScripts.fT_01Test" time="10.401" errors="0" timestamp="2024-04-28T18:35:14 IST" skipped="0">
  <testcase classname="testScripts.fT_01Test" name="fT_01" time="10.401"/>
</testsuite> <!-- testScripts.fT_01Test -->
