<?xml version="1.0" encoding="UTF-8"?>
<!-- Generated by org.testng.reporters.JUnitReportReporter -->
<testsuite hostname="LAPTOP-O16FB7C4" failures="0" tests="5" name="testScripts.invocationCountTest" time="24.088" errors="0" timestamp="2024-04-30T15:36:37 IST" skipped="0">
  <testcase classname="testScripts.invocationCountTest" name="register" time="4.302"/>
  <testcase classname="testScripts.invocationCountTest" name="register" time="4.423"/>
  <testcase classname="testScripts.invocationCountTest" name="register" time="4.510"/>
  <testcase classname="testScripts.invocationCountTest" name="register" time="6.089"/>
  <testcase classname="testScripts.invocationCountTest" name="register" time="4.764"/>
</testsuite> <!-- testScripts.invocationCountTest -->
